{"name": "test_search_for_a_valid_product", "status": "broken", "statusDetails": {"message": "selenium.common.exceptions.NoSuchElementException: Message: no such element: Unable to locate element: {\"method\":\"link text\",\"selector\":\"HP LP30655\"}\n  (Session info: chrome=126.0.6478.127); For documentation on this error, please visit: https://www.selenium.dev/documentation/webdriver/troubleshooting/errors#no-such-element-exception\nStacktrace:\n\tGetHandleVerifier [0x00007FF75815EEA2+31554]\n\t(No symbol) [0x00007FF7580D7ED9]\n\t(No symbol) [0x00007FF757F9872A]\n\t(No symbol) [0x00007FF757FE8434]\n\t(No symbol) [0x00007FF757FE853C]\n\t(No symbol) [0x00007FF75802F6A7]\n\t(No symbol) [0x00007FF75800D06F]\n\t(No symbol) [0x00007FF75802C977]\n\t(No symbol) [0x00007FF75800CDD3]\n\t(No symbol) [0x00007FF757FDA33B]\n\t(No symbol) [0x00007FF757FDAED1]\n\tGetHandleVerifier [0x00007FF758468B1D+3217341]\n\tGetHandleVerifier [0x00007FF7584B5AE3+3532675]\n\tGetHandleVerifier [0x00007FF7584AB0E0+3489152]\n\tGetHandleVerifier [0x00007FF75820E776+750614]\n\t(No symbol) [0x00007FF7580E375F]\n\t(No symbol) [0x00007FF7580DEB14]\n\t(No symbol) [0x00007FF7580DECA2]\n\t(No symbol) [0x00007FF7580CE16F]\n\tBaseThreadInitThunk [0x00007FFB17C6257D+29]\n\tRtlUserThreadStart [0x00007FFB1894AF28+40]", "trace": "self = <tests.test_Search_Product.TestSearchProduct object at 0x000002AA9B677350>\n\n    def test_search_for_a_valid_product(self):\n        home_page = HomePage(self.driver)\n        search_page = home_page.search_a_product(\"HP\")\n>       assert search_page.display_status_of_valid_product()\n\ntests\\test_Search_Product.py:11: \n_ _ _ _ _ _ _ _ _ _ _ _ _ _ _ _ _ _ _ _ _ _ _ _ _ _ _ _ _ _ _ _ _ _ _ _ _ _ _ _ _ _ _ _ _ _ _ _ _ _ _ _ _ _ _ _ _ _ _ _ _ _ _ _ _ _ _ _ _ _ _ _ _ _ _ _ _ _ _ _ _ _ _ _ _ _ _ _ _ _\npages\\SearchPage.py:15: in display_status_of_valid_product\n    return self.is_element_displayed(self.valid_hp_product_link_text)\npages\\BasePage.py:92: in is_element_displayed\n    return self.get_element(locator).is_displayed()\npages\\BasePage.py:19: in get_element\n    return self.driver.find_element(*locator)\nC:\\Users\\ROWTECH\\AppData\\Local\\Programs\\Python\\Python312\\Lib\\site-packages\\selenium\\webdriver\\remote\\webdriver.py:741: in find_element\n    return self.execute(Command.FIND_ELEMENT, {\"using\": by, \"value\": value})[\"value\"]\nC:\\Users\\ROWTECH\\AppData\\Local\\Programs\\Python\\Python312\\Lib\\site-packages\\selenium\\webdriver\\remote\\webdriver.py:347: in execute\n    self.error_handler.check_response(response)\n_ _ _ _ _ _ _ _ _ _ _ _ _ _ _ _ _ _ _ _ _ _ _ _ _ _ _ _ _ _ _ _ _ _ _ _ _ _ _ _ _ _ _ _ _ _ _ _ _ _ _ _ _ _ _ _ _ _ _ _ _ _ _ _ _ _ _ _ _ _ _ _ _ _ _ _ _ _ _ _ _ _ _ _ _ _ _ _ _ _\n\nself = <selenium.webdriver.remote.errorhandler.ErrorHandler object at 0x000002AA9C20B3E0>\nresponse = {'status': 404, 'value': '{\"value\":{\"error\":\"no such element\",\"message\":\"no such element: Unable to locate element: {\\...07FF7580CE16F]\\\\n\\\\tBaseThreadInitThunk [0x00007FFB17C6257D+29]\\\\n\\\\tRtlUserThreadStart [0x00007FFB1894AF28+40]\\\\n\"}}'}\n\n    def check_response(self, response: Dict[str, Any]) -> None:\n        \"\"\"Checks that a JSON response from the WebDriver does not have an\n        error.\n    \n        :Args:\n         - response - The JSON response from the WebDriver server as a dictionary\n           object.\n    \n        :Raises: If the response contains an error message.\n        \"\"\"\n        status = response.get(\"status\", None)\n        if not status or status == ErrorCode.SUCCESS:\n            return\n        value = None\n        message = response.get(\"message\", \"\")\n        screen: str = response.get(\"screen\", \"\")\n        stacktrace = None\n        if isinstance(status, int):\n            value_json = response.get(\"value\", None)\n            if value_json and isinstance(value_json, str):\n                import json\n    \n                try:\n                    value = json.loads(value_json)\n                    if len(value) == 1:\n                        value = value[\"value\"]\n                    status = value.get(\"error\", None)\n                    if not status:\n                        status = value.get(\"status\", ErrorCode.UNKNOWN_ERROR)\n                        message = value.get(\"value\") or value.get(\"message\")\n                        if not isinstance(message, str):\n                            value = message\n                            message = message.get(\"message\")\n                    else:\n                        message = value.get(\"message\", None)\n                except ValueError:\n                    pass\n    \n        exception_class: Type[WebDriverException]\n        e = ErrorCode()\n        error_codes = [item for item in dir(e) if not item.startswith(\"__\")]\n        for error_code in error_codes:\n            error_info = getattr(ErrorCode, error_code)\n            if isinstance(error_info, list) and status in error_info:\n                exception_class = getattr(ExceptionMapping, error_code, WebDriverException)\n                break\n        else:\n            exception_class = WebDriverException\n    \n        if not value:\n            value = response[\"value\"]\n        if isinstance(value, str):\n            raise exception_class(value)\n        if message == \"\" and \"message\" in value:\n            message = value[\"message\"]\n    \n        screen = None  # type: ignore[assignment]\n        if \"screen\" in value:\n            screen = value[\"screen\"]\n    \n        stacktrace = None\n        st_value = value.get(\"stackTrace\") or value.get(\"stacktrace\")\n        if st_value:\n            if isinstance(st_value, str):\n                stacktrace = st_value.split(\"\\n\")\n            else:\n                stacktrace = []\n                try:\n                    for frame in st_value:\n                        line = frame.get(\"lineNumber\", \"\")\n                        file = frame.get(\"fileName\", \"<anonymous>\")\n                        if line:\n                            file = f\"{file}:{line}\"\n                        meth = frame.get(\"methodName\", \"<anonymous>\")\n                        if \"className\" in frame:\n                            meth = f\"{frame['className']}.{meth}\"\n                        msg = \"    at %s (%s)\"\n                        msg = msg % (meth, file)\n                        stacktrace.append(msg)\n                except TypeError:\n                    pass\n        if exception_class == UnexpectedAlertPresentException:\n            alert_text = None\n            if \"data\" in value:\n                alert_text = value[\"data\"].get(\"text\")\n            elif \"alert\" in value:\n                alert_text = value[\"alert\"].get(\"text\")\n            raise exception_class(message, screen, stacktrace, alert_text)  # type: ignore[call-arg]  # mypy is not smart enough here\n>       raise exception_class(message, screen, stacktrace)\nE       selenium.common.exceptions.NoSuchElementException: Message: no such element: Unable to locate element: {\"method\":\"link text\",\"selector\":\"HP LP30655\"}\nE         (Session info: chrome=126.0.6478.127); For documentation on this error, please visit: https://www.selenium.dev/documentation/webdriver/troubleshooting/errors#no-such-element-exception\nE       Stacktrace:\nE       \tGetHandleVerifier [0x00007FF75815EEA2+31554]\nE       \t(No symbol) [0x00007FF7580D7ED9]\nE       \t(No symbol) [0x00007FF757F9872A]\nE       \t(No symbol) [0x00007FF757FE8434]\nE       \t(No symbol) [0x00007FF757FE853C]\nE       \t(No symbol) [0x00007FF75802F6A7]\nE       \t(No symbol) [0x00007FF75800D06F]\nE       \t(No symbol) [0x00007FF75802C977]\nE       \t(No symbol) [0x00007FF75800CDD3]\nE       \t(No symbol) [0x00007FF757FDA33B]\nE       \t(No symbol) [0x00007FF757FDAED1]\nE       \tGetHandleVerifier [0x00007FF758468B1D+3217341]\nE       \tGetHandleVerifier [0x00007FF7584B5AE3+3532675]\nE       \tGetHandleVerifier [0x00007FF7584AB0E0+3489152]\nE       \tGetHandleVerifier [0x00007FF75820E776+750614]\nE       \t(No symbol) [0x00007FF7580E375F]\nE       \t(No symbol) [0x00007FF7580DEB14]\nE       \t(No symbol) [0x00007FF7580DECA2]\nE       \t(No symbol) [0x00007FF7580CE16F]\nE       \tBaseThreadInitThunk [0x00007FFB17C6257D+29]\nE       \tRtlUserThreadStart [0x00007FFB1894AF28+40]\n\nC:\\Users\\ROWTECH\\AppData\\Local\\Programs\\Python\\Python312\\Lib\\site-packages\\selenium\\webdriver\\remote\\errorhandler.py:229: NoSuchElementException"}, "start": 1720611763411, "stop": 1720611767924, "uuid": "01563242-aadb-4f0c-894b-c45406e8d73d", "historyId": "27609eb28fe6c04abd5cf5ce5223379a", "testCaseId": "27609eb28fe6c04abd5cf5ce5223379a", "fullName": "tests.test_Search_Product.TestSearchProduct#test_search_for_a_valid_product", "labels": [{"name": "tag", "value": "@pytest.mark.usefixtures('setup_and_teardown', 'log_on_failure')"}, {"name": "parentSuite", "value": "tests"}, {"name": "suite", "value": "test_Search_Product"}, {"name": "subSuite", "value": "TestSearchProduct"}, {"name": "host", "value": "DESKTOP-EQR9C0M"}, {"name": "thread", "value": "20904-MainThread"}, {"name": "framework", "value": "pytest"}, {"name": "language", "value": "cpython3"}, {"name": "package", "value": "tests.test_Search_Product"}]}