{
  "uid" : "924e1b9a61321804",
  "name" : "test_search_for_a_valid_product",
  "fullName" : "tests.test_Search_Product.TestSearchProduct#test_search_for_a_valid_product",
  "historyId" : "27609eb28fe6c04abd5cf5ce5223379a",
  "time" : {
    "start" : 1721131999218,
    "stop" : 1721131999659,
    "duration" : 441
  },
  "status" : "passed",
  "flaky" : true,
  "beforeStages" : [ {
    "name" : "log_on_failure",
    "time" : {
      "start" : 1721131999218,
      "stop" : 1721131999218,
      "duration" : 0
    },
    "status" : "passed",
    "steps" : [ ],
    "attachments" : [ ],
    "parameters" : [ ],
    "stepsCount" : 0,
    "hasContent" : false,
    "attachmentsCount" : 0,
    "shouldDisplayMessage" : false
  }, {
    "name" : "setup_and_teardown",
    "time" : {
      "start" : 1721131996129,
      "stop" : 1721131999218,
      "duration" : 3089
    },
    "status" : "passed",
    "steps" : [ ],
    "attachments" : [ ],
    "parameters" : [ ],
    "stepsCount" : 0,
    "hasContent" : false,
    "attachmentsCount" : 0,
    "shouldDisplayMessage" : false
  } ],
  "afterStages" : [ {
    "name" : "log_on_failure::0",
    "time" : {
      "start" : 1721131999659,
      "stop" : 1721131999659,
      "duration" : 0
    },
    "status" : "passed",
    "steps" : [ ],
    "attachments" : [ ],
    "parameters" : [ ],
    "stepsCount" : 0,
    "hasContent" : false,
    "attachmentsCount" : 0,
    "shouldDisplayMessage" : false
  }, {
    "name" : "setup_and_teardown::0",
    "time" : {
      "start" : 1721131999660,
      "stop" : 1721132001821,
      "duration" : 2161
    },
    "status" : "passed",
    "steps" : [ ],
    "attachments" : [ ],
    "parameters" : [ ],
    "stepsCount" : 0,
    "hasContent" : false,
    "attachmentsCount" : 0,
    "shouldDisplayMessage" : false
  } ],
  "labels" : [ {
    "name" : "tag",
    "value" : "@pytest.mark.usefixtures('setup_and_teardown', 'log_on_failure')"
  }, {
    "name" : "parentSuite",
    "value" : "tests"
  }, {
    "name" : "suite",
    "value" : "test_Search_Product"
  }, {
    "name" : "subSuite",
    "value" : "TestSearchProduct"
  }, {
    "name" : "host",
    "value" : "DESKTOP-EQR9C0M"
  }, {
    "name" : "thread",
    "value" : "2496-MainThread"
  }, {
    "name" : "framework",
    "value" : "pytest"
  }, {
    "name" : "language",
    "value" : "cpython3"
  }, {
    "name" : "package",
    "value" : "tests.test_Search_Product"
  }, {
    "name" : "resultFormat",
    "value" : "allure2"
  } ],
  "parameters" : [ ],
  "links" : [ ],
  "hidden" : false,
  "retry" : false,
  "extra" : {
    "severity" : "normal",
    "retries" : [ {
      "uid" : "2e129edd2ebbf222",
      "status" : "passed",
      "time" : {
        "start" : 1721131787033,
        "stop" : 1721131787798,
        "duration" : 765
      }
    }, {
      "uid" : "4cf4eac0eef4804c",
      "status" : "passed",
      "time" : {
        "start" : 1721044475544,
        "stop" : 1721044476297,
        "duration" : 753
      }
    }, {
      "uid" : "7e1b8e7a2ee99cb2",
      "status" : "passed",
      "time" : {
        "start" : 1721040541540,
        "stop" : 1721040542240,
        "duration" : 700
      }
    }, {
      "uid" : "fc8dd8c19d61f08f",
      "status" : "passed",
      "time" : {
        "start" : 1721029646917,
        "stop" : 1721029647596,
        "duration" : 679
      }
    }, {
      "uid" : "725d33a25f2e80a",
      "status" : "passed",
      "time" : {
        "start" : 1720671774627,
        "stop" : 1720671779023,
        "duration" : 4396
      }
    }, {
      "uid" : "8578933b1258f228",
      "status" : "passed",
      "time" : {
        "start" : 1720671499626,
        "stop" : 1720671500398,
        "duration" : 772
      }
    }, {
      "uid" : "7e212948af15aee7",
      "status" : "broken",
      "statusDetails" : "selenium.common.exceptions.NoSuchElementException: Message: Unable to locate element: HP LP3065; For documentation on this error, please visit: https://www.selenium.dev/documentation/webdriver/troubleshooting/errors#no-such-element-exception\nStacktrace:\nRemoteError@chrome://remote/content/shared/RemoteError.sys.mjs:8:8\nWebDriverError@chrome://remote/content/shared/webdriver/Errors.sys.mjs:193:5\nNoSuchElementError@chrome://remote/content/shared/webdriver/Errors.sys.mjs:511:5\ndom.find/</<@chrome://remote/content/shared/DOM.sys.mjs:136:16",
      "time" : {
        "start" : 1720669779076,
        "stop" : 1720669784045,
        "duration" : 4969
      }
    }, {
      "uid" : "3e169b7bf8307c72",
      "status" : "broken",
      "statusDetails" : "selenium.common.exceptions.NoSuchElementException: Message: Unable to locate element: HP LP3065; For documentation on this error, please visit: https://www.selenium.dev/documentation/webdriver/troubleshooting/errors#no-such-element-exception\nStacktrace:\nRemoteError@chrome://remote/content/shared/RemoteError.sys.mjs:8:8\nWebDriverError@chrome://remote/content/shared/webdriver/Errors.sys.mjs:193:5\nNoSuchElementError@chrome://remote/content/shared/webdriver/Errors.sys.mjs:511:5\ndom.find/</<@chrome://remote/content/shared/DOM.sys.mjs:136:16",
      "time" : {
        "start" : 1720669733298,
        "stop" : 1720669738334,
        "duration" : 5036
      }
    } ],
    "categories" : [ ],
    "history" : {
      "statistic" : {
        "failed" : 0,
        "broken" : 0,
        "skipped" : 0,
        "passed" : 3,
        "unknown" : 0,
        "total" : 3
      },
      "items" : [ {
        "uid" : "cc9e18c1223989b3",
        "reportUrl" : "http://localhost:8080/job/SeleniumPythonHybridFramework/3/allure/#testresult/cc9e18c1223989b3",
        "status" : "passed",
        "time" : {
          "start" : 1721131787033,
          "stop" : 1721131787798,
          "duration" : 765
        }
      }, {
        "uid" : "5140d6aed80cb07b",
        "reportUrl" : "http://localhost:8080/job/SeleniumPythonHybridFramework/2/allure/#testresult/5140d6aed80cb07b",
        "status" : "passed",
        "time" : {
          "start" : 1721044475544,
          "stop" : 1721044476297,
          "duration" : 753
        }
      } ]
    },
    "tags" : [ "@pytest.mark.usefixtures('setup_and_teardown', 'log_on_failure')" ]
  },
  "source" : "924e1b9a61321804.json",
  "parameterValues" : [ ]
}