{
  "uid" : "be3277f3fa6ddd10",
  "name" : "test_search_without_entering_any_product",
  "fullName" : "tests.test_Search_Product.TestSearchProduct#test_search_without_entering_any_product",
  "historyId" : "ba0f97908a41e08b28e88dbeba393400",
  "time" : {
    "start" : 1721132018895,
    "stop" : 1721132019269,
    "duration" : 374
  },
  "status" : "failed",
  "statusMessage" : "AssertionError: assert False\n +  where False = <method-wrapper '__eq__' of str object at 0x00000241FF66E490>('There is no product that matches the search criteria.ABC')\n +    where <method-wrapper '__eq__' of str object at 0x00000241FF66E490> = 'There is no product that matches the search criteria.'.__eq__\n +      where 'There is no product that matches the search criteria.' = <bound method SearchPage.retrieve_no_product_message of <pages.SearchPage.SearchPage object at 0x00000241FF3CB350>>()\n +        where <bound method SearchPage.retrieve_no_product_message of <pages.SearchPage.SearchPage object at 0x00000241FF3CB350>> = <pages.SearchPage.SearchPage object at 0x00000241FF3CB350>.retrieve_no_product_message",
  "statusTrace" : "self = <tests.test_Search_Product.TestSearchProduct object at 0x00000241FF625040>\n\n    def test_search_without_entering_any_product(self):\n        home_page = HomePage(self.driver)\n        search_page = home_page.search_a_product(\"\")\n        expected_text = \"There is no product that matches the search criteria.ABC\"\n>       assert search_page.retrieve_no_product_message().__eq__(expected_text)\nE       AssertionError: assert False\nE        +  where False = <method-wrapper '__eq__' of str object at 0x00000241FF66E490>('There is no product that matches the search criteria.ABC')\nE        +    where <method-wrapper '__eq__' of str object at 0x00000241FF66E490> = 'There is no product that matches the search criteria.'.__eq__\nE        +      where 'There is no product that matches the search criteria.' = <bound method SearchPage.retrieve_no_product_message of <pages.SearchPage.SearchPage object at 0x00000241FF3CB350>>()\nE        +        where <bound method SearchPage.retrieve_no_product_message of <pages.SearchPage.SearchPage object at 0x00000241FF3CB350>> = <pages.SearchPage.SearchPage object at 0x00000241FF3CB350>.retrieve_no_product_message\n\ntests\\test_Search_Product.py:23: AssertionError",
  "flaky" : true,
  "beforeStages" : [ {
    "name" : "log_on_failure",
    "time" : {
      "start" : 1721132018891,
      "stop" : 1721132018891,
      "duration" : 0
    },
    "status" : "passed",
    "steps" : [ ],
    "attachments" : [ ],
    "parameters" : [ ],
    "stepsCount" : 0,
    "hasContent" : false,
    "attachmentsCount" : 0,
    "shouldDisplayMessage" : false
  }, {
    "name" : "setup_and_teardown",
    "time" : {
      "start" : 1721132011714,
      "stop" : 1721132018891,
      "duration" : 7177
    },
    "status" : "passed",
    "steps" : [ ],
    "attachments" : [ ],
    "parameters" : [ ],
    "stepsCount" : 0,
    "hasContent" : false,
    "attachmentsCount" : 0,
    "shouldDisplayMessage" : false
  } ],
  "afterStages" : [ {
    "name" : "log_on_failure::0",
    "time" : {
      "start" : 1721132019473,
      "stop" : 1721132019632,
      "duration" : 159
    },
    "status" : "passed",
    "steps" : [ ],
    "attachments" : [ {
      "uid" : "f04a811a96fa019b",
      "name" : "test_search_without_entering_any_product_failed",
      "source" : "f04a811a96fa019b.png",
      "type" : "image/png",
      "size" : 70863
    } ],
    "parameters" : [ ],
    "stepsCount" : 0,
    "hasContent" : true,
    "attachmentsCount" : 1,
    "shouldDisplayMessage" : false
  }, {
    "name" : "setup_and_teardown::0",
    "time" : {
      "start" : 1721132019632,
      "stop" : 1721132021809,
      "duration" : 2177
    },
    "status" : "passed",
    "steps" : [ ],
    "attachments" : [ ],
    "parameters" : [ ],
    "stepsCount" : 0,
    "hasContent" : false,
    "attachmentsCount" : 0,
    "shouldDisplayMessage" : false
  } ],
  "labels" : [ {
    "name" : "tag",
    "value" : "@pytest.mark.usefixtures('setup_and_teardown', 'log_on_failure')"
  }, {
    "name" : "parentSuite",
    "value" : "tests"
  }, {
    "name" : "suite",
    "value" : "test_Search_Product"
  }, {
    "name" : "subSuite",
    "value" : "TestSearchProduct"
  }, {
    "name" : "host",
    "value" : "DESKTOP-EQR9C0M"
  }, {
    "name" : "thread",
    "value" : "2496-MainThread"
  }, {
    "name" : "framework",
    "value" : "pytest"
  }, {
    "name" : "language",
    "value" : "cpython3"
  }, {
    "name" : "package",
    "value" : "tests.test_Search_Product"
  }, {
    "name" : "resultFormat",
    "value" : "allure2"
  } ],
  "parameters" : [ ],
  "links" : [ ],
  "hidden" : false,
  "retry" : false,
  "extra" : {
    "severity" : "normal",
    "retries" : [ {
      "uid" : "ee93db9d8fe4def4",
      "status" : "failed",
      "statusDetails" : "AssertionError: assert False\n +  where False = <method-wrapper '__eq__' of str object at 0x000001BB955D2FD0>('There is no product that matches the search criteria.ABC')\n +    where <method-wrapper '__eq__' of str object at 0x000001BB955D2FD0> = 'There is no product that matches the search criteria.'.__eq__\n +      where 'There is no product that matches the search criteria.' = <bound method SearchPage.retrieve_no_product_message of <pages.SearchPage.SearchPage object at 0x000001BB94FE9AF0>>()\n +        where <bound method SearchPage.retrieve_no_product_message of <pages.SearchPage.SearchPage object at 0x000001BB94FE9AF0>> = <pages.SearchPage.SearchPage object at 0x000001BB94FE9AF0>.retrieve_no_product_message",
      "time" : {
        "start" : 1721131808565,
        "stop" : 1721131809010,
        "duration" : 445
      }
    }, {
      "uid" : "505d385d330fe1d5",
      "status" : "failed",
      "statusDetails" : "AssertionError: assert False\n +  where False = <method-wrapper '__eq__' of str object at 0x0000028157A3D0B0>('There is no product that matches the search criteria.ABC')\n +    where <method-wrapper '__eq__' of str object at 0x0000028157A3D0B0> = 'There is no product that matches the search criteria.'.__eq__\n +      where 'There is no product that matches the search criteria.' = <bound method SearchPage.retrieve_no_product_message of <pages.SearchPage.SearchPage object at 0x000002815768A570>>()\n +        where <bound method SearchPage.retrieve_no_product_message of <pages.SearchPage.SearchPage object at 0x000002815768A570>> = <pages.SearchPage.SearchPage object at 0x000002815768A570>.retrieve_no_product_message",
      "time" : {
        "start" : 1721044501979,
        "stop" : 1721044502638,
        "duration" : 659
      }
    }, {
      "uid" : "be92b97bed7bc62e",
      "status" : "failed",
      "statusDetails" : "AssertionError: assert False\n +  where False = <method-wrapper '__eq__' of str object at 0x00000219C39E7810>('There is no product that matches the search criteria.ABC')\n +    where <method-wrapper '__eq__' of str object at 0x00000219C39E7810> = 'There is no product that matches the search criteria.'.__eq__\n +      where 'There is no product that matches the search criteria.' = <bound method SearchPage.retrieve_no_product_message of <pages.SearchPage.SearchPage object at 0x00000219C39D8590>>()\n +        where <bound method SearchPage.retrieve_no_product_message of <pages.SearchPage.SearchPage object at 0x00000219C39D8590>> = <pages.SearchPage.SearchPage object at 0x00000219C39D8590>.retrieve_no_product_message",
      "time" : {
        "start" : 1721040563105,
        "stop" : 1721040563695,
        "duration" : 590
      }
    }, {
      "uid" : "ed685dcafaa37240",
      "status" : "failed",
      "statusDetails" : "AssertionError: assert False\n +  where False = <method-wrapper '__eq__' of str object at 0x000002A06BCC6190>('There is no product that matches the search criteria.ABC')\n +    where <method-wrapper '__eq__' of str object at 0x000002A06BCC6190> = 'There is no product that matches the search criteria.'.__eq__\n +      where 'There is no product that matches the search criteria.' = <bound method SearchPage.retrieve_no_product_message of <pages.SearchPage.SearchPage object at 0x000002A06B93AD20>>()\n +        where <bound method SearchPage.retrieve_no_product_message of <pages.SearchPage.SearchPage object at 0x000002A06B93AD20>> = <pages.SearchPage.SearchPage object at 0x000002A06B93AD20>.retrieve_no_product_message",
      "time" : {
        "start" : 1721029668645,
        "stop" : 1721029669164,
        "duration" : 519
      }
    }, {
      "uid" : "b12bd5432a917b3e",
      "status" : "failed",
      "statusDetails" : "AssertionError: assert False\n +  where False = <method-wrapper '__eq__' of str object at 0x0000025B20B43DB0>('There is no product that matches the search criteria.ABC')\n +    where <method-wrapper '__eq__' of str object at 0x0000025B20B43DB0> = 'There is no product that matches the search criteria.'.__eq__\n +      where 'There is no product that matches the search criteria.' = <bound method SearchPage.retrieve_no_product_message of <pages.SearchPage.SearchPage object at 0x0000025B20B6F830>>()\n +        where <bound method SearchPage.retrieve_no_product_message of <pages.SearchPage.SearchPage object at 0x0000025B20B6F830>> = <pages.SearchPage.SearchPage object at 0x0000025B20B6F830>.retrieve_no_product_message",
      "time" : {
        "start" : 1720671774363,
        "stop" : 1720671778799,
        "duration" : 4436
      }
    }, {
      "uid" : "ee3a50f8182d676e",
      "status" : "failed",
      "statusDetails" : "AssertionError: assert False\n +  where False = <method-wrapper '__eq__' of str object at 0x000001963C99CA50>('There is no product that matches the search criteria.ABC')\n +    where <method-wrapper '__eq__' of str object at 0x000001963C99CA50> = 'There is no product that matches the search criteria.'.__eq__\n +      where 'There is no product that matches the search criteria.' = <bound method SearchPage.retrieve_no_product_message of <pages.SearchPage.SearchPage object at 0x000001963C992A80>>()\n +        where <bound method SearchPage.retrieve_no_product_message of <pages.SearchPage.SearchPage object at 0x000001963C992A80>> = <pages.SearchPage.SearchPage object at 0x000001963C992A80>.retrieve_no_product_message",
      "time" : {
        "start" : 1720671512217,
        "stop" : 1720671512813,
        "duration" : 596
      }
    } ],
    "categories" : [ {
      "name" : "Product defects",
      "matchedStatuses" : [ ],
      "flaky" : false
    } ],
    "history" : {
      "statistic" : {
        "failed" : 3,
        "broken" : 0,
        "skipped" : 0,
        "passed" : 0,
        "unknown" : 0,
        "total" : 3
      },
      "items" : [ {
        "uid" : "fe326a1d053c5598",
        "reportUrl" : "http://localhost:8080/job/SeleniumPythonHybridFramework/3/allure/#testresult/fe326a1d053c5598",
        "status" : "failed",
        "statusDetails" : "AssertionError: assert False\n +  where False = <method-wrapper '__eq__' of str object at 0x000001BB955D2FD0>('There is no product that matches the search criteria.ABC')\n +    where <method-wrapper '__eq__' of str object at 0x000001BB955D2FD0> = 'There is no product that matches the search criteria.'.__eq__\n +      where 'There is no product that matches the search criteria.' = <bound method SearchPage.retrieve_no_product_message of <pages.SearchPage.SearchPage object at 0x000001BB94FE9AF0>>()\n +        where <bound method SearchPage.retrieve_no_product_message of <pages.SearchPage.SearchPage object at 0x000001BB94FE9AF0>> = <pages.SearchPage.SearchPage object at 0x000001BB94FE9AF0>.retrieve_no_product_message",
        "time" : {
          "start" : 1721131808565,
          "stop" : 1721131809010,
          "duration" : 445
        }
      }, {
        "uid" : "828d387f102d3ed7",
        "reportUrl" : "http://localhost:8080/job/SeleniumPythonHybridFramework/2/allure/#testresult/828d387f102d3ed7",
        "status" : "failed",
        "statusDetails" : "AssertionError: assert False\n +  where False = <method-wrapper '__eq__' of str object at 0x0000028157A3D0B0>('There is no product that matches the search criteria.ABC')\n +    where <method-wrapper '__eq__' of str object at 0x0000028157A3D0B0> = 'There is no product that matches the search criteria.'.__eq__\n +      where 'There is no product that matches the search criteria.' = <bound method SearchPage.retrieve_no_product_message of <pages.SearchPage.SearchPage object at 0x000002815768A570>>()\n +        where <bound method SearchPage.retrieve_no_product_message of <pages.SearchPage.SearchPage object at 0x000002815768A570>> = <pages.SearchPage.SearchPage object at 0x000002815768A570>.retrieve_no_product_message",
        "time" : {
          "start" : 1721044501979,
          "stop" : 1721044502638,
          "duration" : 659
        }
      } ]
    },
    "tags" : [ "@pytest.mark.usefixtures('setup_and_teardown', 'log_on_failure')" ]
  },
  "source" : "be3277f3fa6ddd10.json",
  "parameterValues" : [ ]
}